2025-04-07 17:39:39,272 INFO [ClientConnectionEventListenerRegistry] registry listener - ConnectionBasedClientManager

2025-04-07 17:39:44,869 INFO [ClientConnectionEventListenerRegistry] registry listener - ConnectionBasedClientManager

2025-04-07 17:39:51,038 INFO [ClientConnectionEventListenerRegistry] registry listener - ConnectionBasedClientManager

2025-04-07 17:39:56,860 INFO [ClientConnectionEventListenerRegistry] registry listener - ConnectionBasedClientManager

2025-04-07 17:40:03,292 INFO [ClientConnectionEventListenerRegistry] registry listener - ConnectionBasedClientManager

2025-04-07 17:40:10,098 INFO [ClientConnectionEventListenerRegistry] registry listener - ConnectionBasedClientManager

2025-04-07 17:40:18,431 INFO [ClientConnectionEventListenerRegistry] registry listener - ConnectionBasedClientManager

2025-04-07 17:40:29,900 INFO [ClientConnectionEventListenerRegistry] registry listener - ConnectionBasedClientManager

2025-04-07 17:40:46,685 INFO [ClientConnectionEventListenerRegistry] registry listener - ConnectionBasedClientManager

2025-04-07 17:41:16,091 INFO [ClientConnectionEventListenerRegistry] registry listener - ConnectionBasedClientManager

2025-04-07 17:46:07,855 INFO [ClientConnectionEventListenerRegistry] registry listener - ConnectionBasedClientManager

2025-04-07 17:46:11,833 INFO [ClientConnectionEventListenerRegistry] registry listener - ConnectionBasedClientManager

2025-04-07 17:46:17,124 INFO [ClientConnectionEventListenerRegistry] registry listener - ConnectionBasedClientManager

2025-04-07 17:46:22,841 INFO [ClientConnectionEventListenerRegistry] registry listener - ConnectionBasedClientManager

2025-04-07 17:46:28,561 INFO [ClientConnectionEventListenerRegistry] registry listener - ConnectionBasedClientManager

2025-04-07 17:49:40,855 INFO [ClientConnectionEventListenerRegistry] registry listener - ConnectionBasedClientManager

2025-04-07 17:49:43,368 INFO [ClientConnectionEventListenerRegistry] registry listener - ConfigConnectionEventListener

2025-04-07 17:49:43,414 INFO Nacos GrpcSdkServer Rpc server starting at port 9848

2025-04-07 17:49:43,604 INFO Load ProtocolNegotiatorBuilder com.alibaba.nacos.core.remote.grpc.negotiator.tls.DefaultTlsProtocolNegotiatorBuilder for type DEFAULT_TLS

2025-04-07 17:49:43,605 DEBUG TLS configuration is empty, use default value

2025-04-07 17:49:43,653 INFO Nacos Rpc server tls config:{"sslProvider":"","enableTls":false,"mutualAuthEnable":false,"trustAll":false,"sslContextRefresher":"","compatibility":true}

2025-04-07 17:49:43,657 WARN Recommended use 'nacos.remote.server.grpc.sdk.max-inbound-message-size' property instead 'nacos.remote.server.grpc.maxinbound.message.size', now property value is 10485760

2025-04-07 17:49:43,897 INFO Nacos Rpc server tls config:{"sslProvider":"","enableTls":false,"mutualAuthEnable":false,"trustAll":false,"sslContextRefresher":"","compatibility":true}

2025-04-07 17:49:43,897 INFO No RpcServerSslContextRefresher specified,Ssl Context auto refresh not supported.

2025-04-07 17:49:43,897 INFO RpcServerSslContextRefresher init end

2025-04-07 17:49:43,898 INFO Nacos GrpcSdkServer Rpc server started at port 9848

2025-04-07 17:49:43,903 INFO Nacos GrpcClusterServer Rpc server starting at port 9849

2025-04-07 17:49:43,904 WARN Recommended use 'nacos.remote.server.grpc.cluster.max-inbound-message-size' property instead 'nacos.remote.server.grpc.maxinbound.message.size', now property value is 10485760

2025-04-07 17:49:43,908 INFO Nacos GrpcClusterServer Rpc server started at port 9849

2025-04-07 17:49:43,977 INFO [ClientConnectionEventListenerRegistry] registry listener - RpcAckCallbackInitorOrCleaner

