[25-Oct-2022 18:16:16 Asia/Shanghai] PHP Warning:  Undefined array key "created_timestamp" in /www/jms-membercenter-backend-api/app/Domains/Cta/Logics/CtaLogic.php on line 53
[25-Oct-2022 18:16:45 Asia/Shanghai] PHP Warning:  Undefined array key "created_timestamp" in /www/jms-membercenter-backend-api/app/Domains/Cta/Logics/CtaLogic.php on line 53
[25-Oct-2022 18:24:02 Asia/Shanghai] PHP Warning:  Undefined array key "created_timestamp" in /www/jms-membercenter-backend-api/app/Domains/Cta/Logics/CtaLogic.php on line 72
[25-Oct-2022 18:24:22 Asia/Shanghai] PHP Warning:  Undefined array key "created_timestamp" in /www/jms-membercenter-backend-api/app/Domains/Cta/Logics/CtaLogic.php on line 72
[26-Oct-2022 14:26:04 Asia/Shanghai] PHP Fatal error:  Uncaught Error: Class "Hyperf\Kafka\Constants\KafkaStrategy" not found in /www/jms-membercenter-backend-api/config/autoload/kafka.php:31
Stack trace:
#0 /www/jms-membercenter-backend-api/vendor/hyperf/config/src/ConfigFactory.php(44): require()
#1 /www/jms-membercenter-backend-api/vendor/hyperf/config/src/ConfigFactory.php(23): Hyperf\Config\ConfigFactory->readPaths(Array)
#2 /www/jms-membercenter-backend-api/vendor/hyperf/di/src/Resolver/FactoryResolver.php(56): Hyperf\Config\ConfigFactory->__invoke(Object(Hyperf\Di\Container))
#3 /www/jms-membercenter-backend-api/vendor/hyperf/di/src/Resolver/ResolverDispatcher.php(62): Hyperf\Di\Resolver\FactoryResolver->resolve(Object(Hyperf\Di\Definition\FactoryDefinition), Array)
#4 /www/jms-membercenter-backend-api/vendor/hyperf/di/src/Resolver/DepthGuard.php(73): Hyperf\Di\Resolver\ResolverDispatcher->Hyperf\Di\Resolver\{closure}()
#5 /www/jms-membercenter-backend-api/vendor/hyperf/di/src/Resolver/ResolverDispatcher.php(63): Hyperf\Di\Resolver\DepthGuard->call('Hyperf\\Contract...', Object(Closure))
#6 /www/jms-membercenter-backend-api/vendor/hyperf/di/src/Container.php(194): Hyperf\Di\Resolver\ResolverDispatcher->resolve(Object(Hyperf\Di\Definition\FactoryDefinition), Array)
#7 /www/jms-membercenter-backend-api/vendor/hyperf/di/src/Container.php(82): Hyperf\Di\Container->resolveDefinition(Object(Hyperf\Di\Definition\FactoryDefinition), Array)
#8 /www/jms-membercenter-backend-api/vendor/hyperf/di/src/Container.php(127): Hyperf\Di\Container->make('Hyperf\\Contract...')
#9 /www/jms-membercenter-backend-api/vendor/hyperf/event/src/ListenerProviderFactory.php(37): Hyperf\Di\Container->get('Hyperf\\Contract...')
#10 /www/jms-membercenter-backend-api/vendor/hyperf/event/src/ListenerProviderFactory.php(27): Hyperf\Event\ListenerProviderFactory->registerConfig(Object(Hyperf\Event\ListenerProvider), Object(Hyperf\Di\Container))
#11 /www/jms-membercenter-backend-api/vendor/hyperf/di/src/Resolver/FactoryResolver.php(56): Hyperf\Event\ListenerProviderFactory->__invoke(Object(Hyperf\Di\Container))
#12 /www/jms-membercenter-backend-api/vendor/hyperf/di/src/Resolver/ResolverDispatcher.php(62): Hyperf\Di\Resolver\FactoryResolver->resolve(Object(Hyperf\Di\Definition\FactoryDefinition), Array)
#13 /www/jms-membercenter-backend-api/vendor/hyperf/di/src/Resolver/DepthGuard.php(73): Hyperf\Di\Resolver\ResolverDispatcher->Hyperf\Di\Resolver\{closure}()
#14 /www/jms-membercenter-backend-api/vendor/hyperf/di/src/Resolver/ResolverDispatcher.php(63): Hyperf\Di\Resolver\DepthGuard->call('Psr\\EventDispat...', Object(Closure))
#15 /www/jms-membercenter-backend-api/vendor/hyperf/di/src/Container.php(194): Hyperf\Di\Resolver\ResolverDispatcher->resolve(Object(Hyperf\Di\Definition\FactoryDefinition), Array)
#16 /www/jms-membercenter-backend-api/vendor/hyperf/di/src/Container.php(82): Hyperf\Di\Container->resolveDefinition(Object(Hyperf\Di\Definition\FactoryDefinition), Array)
#17 /www/jms-membercenter-backend-api/vendor/hyperf/di/src/Container.php(127): Hyperf\Di\Container->make('Psr\\EventDispat...')
#18 /www/jms-membercenter-backend-api/vendor/hyperf/event/src/EventDispatcherFactory.php(22): Hyperf\Di\Container->get('Psr\\EventDispat...')
#19 /www/jms-membercenter-backend-api/vendor/hyperf/di/src/Resolver/FactoryResolver.php(56): Hyperf\Event\EventDispatcherFactory->__invoke(Object(Hyperf\Di\Container))
#20 /www/jms-membercenter-backend-api/vendor/hyperf/di/src/Resolver/ResolverDispatcher.php(62): Hyperf\Di\Resolver\FactoryResolver->resolve(Object(Hyperf\Di\Definition\FactoryDefinition), Array)
#21 /www/jms-membercenter-backend-api/vendor/hyperf/di/src/Resolver/DepthGuard.php(73): Hyperf\Di\Resolver\ResolverDispatcher->Hyperf\Di\Resolver\{closure}()
#22 /www/jms-membercenter-backend-api/vendor/hyperf/di/src/Resolver/ResolverDispatcher.php(63): Hyperf\Di\Resolver\DepthGuard->call('Psr\\EventDispat...', Object(Closure))
#23 /www/jms-membercenter-backend-api/vendor/hyperf/di/src/Container.php(194): Hyperf\Di\Resolver\ResolverDispatcher->resolve(Object(Hyperf\Di\Definition\FactoryDefinition), Array)
#24 /www/jms-membercenter-backend-api/vendor/hyperf/di/src/Container.php(82): Hyperf\Di\Container->resolveDefinition(Object(Hyperf\Di\Definition\FactoryDefinition), Array)
#25 /www/jms-membercenter-backend-api/vendor/hyperf/di/src/Container.php(127): Hyperf\Di\Container->make('Psr\\EventDispat...')
#26 /www/jms-membercenter-backend-api/vendor/hyperf/framework/src/ApplicationFactory.php(27): Hyperf\Di\Container->get('Psr\\EventDispat...')
#27 /www/jms-membercenter-backend-api/vendor/hyperf/di/src/Resolver/FactoryResolver.php(56): Hyperf\Framework\ApplicationFactory->__invoke(Object(Hyperf\Di\Container))
#28 /www/jms-membercenter-backend-api/vendor/hyperf/di/src/Resolver/ResolverDispatcher.php(62): Hyperf\Di\Resolver\FactoryResolver->resolve(Object(Hyperf\Di\Definition\FactoryDefinition), Array)
#29 /www/jms-membercenter-backend-api/vendor/hyperf/di/src/Resolver/DepthGuard.php(73): Hyperf\Di\Resolver\ResolverDispatcher->Hyperf\Di\Resolver\{closure}()
#30 /www/jms-membercenter-backend-api/vendor/hyperf/di/src/Resolver/ResolverDispatcher.php(63): Hyperf\Di\Resolver\DepthGuard->call('Hyperf\\Contract...', Object(Closure))
#31 /www/jms-membercenter-backend-api/vendor/hyperf/di/src/Container.php(194): Hyperf\Di\Resolver\ResolverDispatcher->resolve(Object(Hyperf\Di\Definition\FactoryDefinition), Array)
#32 /www/jms-membercenter-backend-api/vendor/hyperf/di/src/Container.php(82): Hyperf\Di\Container->resolveDefinition(Object(Hyperf\Di\Definition\FactoryDefinition), Array)
#33 /www/jms-membercenter-backend-api/vendor/hyperf/di/src/Container.php(127): Hyperf\Di\Container->make('Hyperf\\Contract...')
#34 /www/jms-membercenter-backend-api/bin/hyperf.php(25): Hyperf\Di\Container->get('Hyperf\\Contract...')
#35 /www/jms-membercenter-backend-api/bin/hyperf.php(29): {closure}()
#36 {main}
  thrown in /www/jms-membercenter-backend-api/config/autoload/kafka.php on line 31
[26-Oct-2022 15:10:21 Asia/Shanghai] PHP Warning:  Undefined array key "identity_source_id" in /www/jms-membercenter-backend-api/app/Service/OneId/Channels/Jingmodule/UserHandle.php on line 48
[26-Oct-2022 15:10:44 Asia/Shanghai] PHP Warning:  Undefined array key "identity_source_id" in /www/jms-membercenter-backend-api/app/Service/OneId/Channels/Jingmodule/UserHandle.php on line 48
[26-Oct-2022 15:28:35 Asia/Shanghai] PHP Warning:  Undefined array key "identity_source_id" in /www/jms-membercenter-backend-api/app/Service/OneId/Channels/Jingmodule/UserHandle.php on line 48
[26-Oct-2022 15:31:34 Asia/Shanghai] PHP Warning:  Undefined array key "identity_source_id" in /www/jms-membercenter-backend-api/app/Service/OneId/Channels/Jingmodule/UserHandle.php on line 48
[26-Oct-2022 15:35:52 Asia/Shanghai] PHP Warning:  Undefined array key "identity_source_id" in /www/jms-membercenter-backend-api/app/Service/OneId/Channels/Jingmodule/UserHandle.php on line 48
[26-Oct-2022 15:39:18 Asia/Shanghai] PHP Warning:  Undefined array key "identity_source_id" in /www/jms-membercenter-backend-api/app/Service/OneId/Channels/Jingmodule/UserHandle.php on line 48
[26-Oct-2022 18:26:07 Asia/Shanghai] PHP Fatal error:  Uncaught longlang\phpkafka\Exception\KafkaErrorException: [25] The coordinator is not aware of this member. in /www/jms-membercenter-backend-api/vendor/longlang/phpkafka/src/Protocol/ErrorCode.php:385
Stack trace:
#0 /www/jms-membercenter-backend-api/vendor/longlang/phpkafka/src/Util/KafkaUtil.php(69): longlang\phpkafka\Protocol\ErrorCode::check(25)
#1 /www/jms-membercenter-backend-api/vendor/longlang/phpkafka/src/Group/GroupManager.php(123): longlang\phpkafka\Util\KafkaUtil::retry(Object(longlang\phpkafka\Client\SwooleClient), Object(longlang\phpkafka\Protocol\Heartbeat\HeartbeatRequest), 0, 0.01)
#2 /www/jms-membercenter-backend-api/vendor/longlang/phpkafka/src/Consumer/Consumer.php(384): longlang\phpkafka\Group\GroupManager->heartbeat('dev_action_log_...', 'dev_action_log_...', 'Hyperf-63590107...', 1701)
#3 /www/jms-membercenter-backend-api/vendor/longlang/phpkafka/src/Consumer/Consumer.php(368): longlang\phpkafka\Consumer\Consumer->heartbeat()
#4 {main}
  thrown in /www/jms-membercenter-backend-api/vendor/longlang/phpkafka/src/Protocol/ErrorCode.php on line 385
[26-Oct-2022 18:26:07 Asia/Shanghai] PHP Fatal error:  Uncaught longlang\phpkafka\Exception\KafkaErrorException: [25] The coordinator is not aware of this member. in /www/jms-membercenter-backend-api/vendor/longlang/phpkafka/src/Protocol/ErrorCode.php:385
Stack trace:
#0 /www/jms-membercenter-backend-api/vendor/longlang/phpkafka/src/Util/KafkaUtil.php(69): longlang\phpkafka\Protocol\ErrorCode::check(25)
#1 /www/jms-membercenter-backend-api/vendor/longlang/phpkafka/src/Group/GroupManager.php(123): longlang\phpkafka\Util\KafkaUtil::retry(Object(longlang\phpkafka\Client\SwooleClient), Object(longlang\phpkafka\Protocol\Heartbeat\HeartbeatRequest), 0, 0.01)
#2 /www/jms-membercenter-backend-api/vendor/longlang/phpkafka/src/Consumer/Consumer.php(384): longlang\phpkafka\Group\GroupManager->heartbeat('dev_action_log_...', 'dev_action_log_...', 'Hyperf-6358e524...', 1701)
#3 /www/jms-membercenter-backend-api/vendor/longlang/phpkafka/src/Consumer/Consumer.php(368): longlang\phpkafka\Consumer\Consumer->heartbeat()
#4 {main}
  thrown in /www/jms-membercenter-backend-api/vendor/longlang/phpkafka/src/Protocol/ErrorCode.php on line 385
[28-Oct-2022 16:48:56 Asia/Shanghai] PHP Fatal error:  Uncaught longlang\phpkafka\Exception\KafkaErrorException: [25] The coordinator is not aware of this member. in /www/jms-membercenter-backend-api/vendor/longlang/phpkafka/src/Protocol/ErrorCode.php:385
Stack trace:
#0 /www/jms-membercenter-backend-api/vendor/longlang/phpkafka/src/Util/KafkaUtil.php(69): longlang\phpkafka\Protocol\ErrorCode::check(25)
#1 /www/jms-membercenter-backend-api/vendor/longlang/phpkafka/src/Group/GroupManager.php(123): longlang\phpkafka\Util\KafkaUtil::retry(Object(longlang\phpkafka\Client\SwooleClient), Object(longlang\phpkafka\Protocol\Heartbeat\HeartbeatRequest), 0, 0.01)
#2 /www/jms-membercenter-backend-api/vendor/longlang/phpkafka/src/Consumer/Consumer.php(384): longlang\phpkafka\Group\GroupManager->heartbeat('dev_action_log_...', 'dev_action_log_...', 'Hyperf-63590b3f...', 1702)
#3 /www/jms-membercenter-backend-api/vendor/longlang/phpkafka/src/Consumer/Consumer.php(368): longlang\phpkafka\Consumer\Consumer->heartbeat()
#4 {main}
  thrown in /www/jms-membercenter-backend-api/vendor/longlang/phpkafka/src/Protocol/ErrorCode.php on line 385
[28-Oct-2022 16:48:57 Asia/Shanghai] PHP Fatal error:  Uncaught longlang\phpkafka\Exception\KafkaErrorException: [25] The coordinator is not aware of this member. in /www/jms-membercenter-backend-api/vendor/longlang/phpkafka/src/Protocol/ErrorCode.php:385
Stack trace:
#0 /www/jms-membercenter-backend-api/vendor/longlang/phpkafka/src/Util/KafkaUtil.php(69): longlang\phpkafka\Protocol\ErrorCode::check(25)
#1 /www/jms-membercenter-backend-api/vendor/longlang/phpkafka/src/Group/GroupManager.php(123): longlang\phpkafka\Util\KafkaUtil::retry(Object(longlang\phpkafka\Client\SwooleClient), Object(longlang\phpkafka\Protocol\Heartbeat\HeartbeatRequest), 0, 0.01)
#2 /www/jms-membercenter-backend-api/vendor/longlang/phpkafka/src/Consumer/Consumer.php(384): longlang\phpkafka\Group\GroupManager->heartbeat('dev_action_log_...', 'dev_action_log_...', 'Hyperf-63590b3f...', 1702)
#3 /www/jms-membercenter-backend-api/vendor/longlang/phpkafka/src/Consumer/Consumer.php(368): longlang\phpkafka\Consumer\Consumer->heartbeat()
#4 {main}
  thrown in /www/jms-membercenter-backend-api/vendor/longlang/phpkafka/src/Protocol/ErrorCode.php on line 385
[31-Oct-2022 15:20:28 Asia/Shanghai] PHP Fatal error:  Uncaught Swoole\ExitException: swoole exit in /www/jms-membercenter-backend-api/vendor/hyperf/process/src/AbstractProcess.php:147
Stack trace:
#0 {main}
  thrown in /www/jms-membercenter-backend-api/vendor/hyperf/process/src/AbstractProcess.php on line 147
[31-Oct-2022 15:20:39 Asia/Shanghai] PHP Fatal error:  Uncaught Swoole\ExitException: swoole exit in /www/jms-membercenter-backend-api/vendor/hyperf/process/src/AbstractProcess.php:147
Stack trace:
#0 {main}
  thrown in /www/jms-membercenter-backend-api/vendor/hyperf/process/src/AbstractProcess.php on line 147
[31-Oct-2022 15:20:49 Asia/Shanghai] PHP Fatal error:  Uncaught Swoole\ExitException: swoole exit in /www/jms-membercenter-backend-api/vendor/hyperf/process/src/AbstractProcess.php:147
Stack trace:
#0 {main}
  thrown in /www/jms-membercenter-backend-api/vendor/hyperf/process/src/AbstractProcess.php on line 147
[31-Oct-2022 15:37:34 Asia/Shanghai] PHP Fatal error:  Uncaught Doctrine\Common\Annotations\AnnotationException: [Semantical Error] The annotation "@Process" in class App\Process\TestProcess was never imported. Did you maybe forget to add a "use" statement for this annotation? in /www/jms-membercenter-backend-api/vendor/doctrine/annotations/lib/Doctrine/Common/Annotations/AnnotationException.php:40
Stack trace:
#0 /www/jms-membercenter-backend-api/vendor/doctrine/annotations/lib/Doctrine/Common/Annotations/DocParser.php(804): Doctrine\Common\Annotations\AnnotationException::semanticalError('The annotation ...')
#1 /www/jms-membercenter-backend-api/vendor/doctrine/annotations/lib/Doctrine/Common/Annotations/DocParser.php(720): Doctrine\Common\Annotations\DocParser->Annotation()
#2 /www/jms-membercenter-backend-api/vendor/doctrine/annotations/lib/Doctrine/Common/Annotations/DocParser.php(377): Doctrine\Common\Annotations\DocParser->Annotations()
#3 /www/jms-membercenter-backend-api/vendor/hyperf/di/src/Annotation/AnnotationReader.php(220): Doctrine\Common\Annotations\DocParser->parse('/**\r\n * @Proces...', 'class App\\Proce...')
#4 /www/jms-membercenter-backend-api/vendor/hyperf/di/src/Annotation/Scanner.php(76): Hyperf\Di\Annotation\AnnotationReader->getClassAnnotations(Object(ReflectionClass))
#5 /www/jms-membercenter-backend-api/vendor/hyperf/di/src/Annotation/Scanner.php(149): Hyperf\Di\Annotation\Scanner->collect(Object(Hyperf\Di\Annotation\AnnotationReader), Object(ReflectionClass))
#6 /www/jms-membercenter-backend-api/vendor/hyperf/di/src/ClassLoader.php(54): Hyperf\Di\Annotation\Scanner->scan(Array, '/www/jms-member...')
#7 /www/jms-membercenter-backend-api/vendor/hyperf/di/src/ClassLoader.php(93): Hyperf\Di\ClassLoader->__construct(Object(Composer\Autoload\ClassLoader), '/www/jms-member...', '/www/jms-member...', Object(Hyperf\Di\ScanHandler\PcntlScanHandler))
#8 /www/jms-membercenter-backend-api/bin/hyperf.php(20): Hyperf\Di\ClassLoader::init()
#9 /www/jms-membercenter-backend-api/bin/hyperf.php(29): {closure}()
#10 {main}
  thrown in /www/jms-membercenter-backend-api/vendor/doctrine/annotations/lib/Doctrine/Common/Annotations/AnnotationException.php on line 40
[31-Oct-2022 17:02:54 Asia/Shanghai] PHP Warning:  Undefined variable $response in /www/jms-membercenter-backend-api/vendor/longlang/phpkafka/src/Broker.php on line 93
[31-Oct-2022 17:02:54 Asia/Shanghai] PHP Warning:  Undefined variable $response in /www/jms-membercenter-backend-api/vendor/longlang/phpkafka/src/Broker.php on line 93
[31-Oct-2022 17:03:04 Asia/Shanghai] PHP Warning:  Undefined variable $response in /www/jms-membercenter-backend-api/vendor/longlang/phpkafka/src/Broker.php on line 93
[31-Oct-2022 17:03:04 Asia/Shanghai] PHP Warning:  Undefined variable $response in /www/jms-membercenter-backend-api/vendor/longlang/phpkafka/src/Broker.php on line 93
[31-Oct-2022 17:03:46 Asia/Shanghai] PHP Warning:  Undefined variable $response in /www/jms-membercenter-backend-api/vendor/longlang/phpkafka/src/Broker.php on line 93
[31-Oct-2022 17:03:46 Asia/Shanghai] PHP Warning:  Undefined variable $response in /www/jms-membercenter-backend-api/vendor/longlang/phpkafka/src/Broker.php on line 93
[31-Oct-2022 17:03:56 Asia/Shanghai] PHP Warning:  Undefined variable $response in /www/jms-membercenter-backend-api/vendor/longlang/phpkafka/src/Broker.php on line 93
[31-Oct-2022 17:03:56 Asia/Shanghai] PHP Warning:  Undefined variable $response in /www/jms-membercenter-backend-api/vendor/longlang/phpkafka/src/Broker.php on line 93
[31-Oct-2022 17:08:28 Asia/Shanghai] PHP Warning:  Undefined variable $topicsMeta in /www/jms-membercenter-backend-api/vendor/longlang/phpkafka/src/Broker.php on line 139
[31-Oct-2022 17:08:28 Asia/Shanghai] PHP Warning:  Undefined variable $retryTopics in /www/jms-membercenter-backend-api/vendor/longlang/phpkafka/src/Broker.php on line 147
[31-Oct-2022 17:08:28 Asia/Shanghai] PHP Warning:  Undefined variable $response in /www/jms-membercenter-backend-api/vendor/longlang/phpkafka/src/Broker.php on line 150
[31-Oct-2022 17:08:28 Asia/Shanghai] PHP Warning:  Undefined variable $topicsMeta in /www/jms-membercenter-backend-api/vendor/longlang/phpkafka/src/Broker.php on line 139
[31-Oct-2022 17:08:28 Asia/Shanghai] PHP Warning:  Undefined variable $retryTopics in /www/jms-membercenter-backend-api/vendor/longlang/phpkafka/src/Broker.php on line 147
[31-Oct-2022 17:08:28 Asia/Shanghai] PHP Warning:  Undefined variable $response in /www/jms-membercenter-backend-api/vendor/longlang/phpkafka/src/Broker.php on line 150
[31-Oct-2022 17:13:19 Asia/Shanghai] PHP Warning:  Undefined variable $topicsMeta in /www/jms-membercenter-backend-api/vendor/longlang/phpkafka/src/Broker.php on line 139
[31-Oct-2022 17:13:19 Asia/Shanghai] PHP Warning:  Undefined variable $topicsMeta in /www/jms-membercenter-backend-api/vendor/longlang/phpkafka/src/Broker.php on line 139
[31-Oct-2022 17:13:19 Asia/Shanghai] PHP Warning:  Undefined variable $response in /www/jms-membercenter-backend-api/vendor/longlang/phpkafka/src/Broker.php on line 150
[31-Oct-2022 17:13:19 Asia/Shanghai] PHP Warning:  Undefined variable $response in /www/jms-membercenter-backend-api/vendor/longlang/phpkafka/src/Broker.php on line 150
[31-Oct-2022 17:14:09 Asia/Shanghai] PHP Warning:  Undefined variable $topicsMeta in /www/jms-membercenter-backend-api/vendor/longlang/phpkafka/src/Broker.php on line 139
[31-Oct-2022 17:14:09 Asia/Shanghai] PHP Warning:  Undefined variable $response in /www/jms-membercenter-backend-api/vendor/longlang/phpkafka/src/Broker.php on line 150
[31-Oct-2022 17:14:09 Asia/Shanghai] PHP Warning:  Undefined variable $topicsMeta in /www/jms-membercenter-backend-api/vendor/longlang/phpkafka/src/Broker.php on line 139
[31-Oct-2022 17:14:09 Asia/Shanghai] PHP Warning:  Undefined variable $response in /www/jms-membercenter-backend-api/vendor/longlang/phpkafka/src/Broker.php on line 150
[31-Oct-2022 17:14:59 Asia/Shanghai] PHP Warning:  Undefined variable $topicsMeta in /www/jms-membercenter-backend-api/vendor/longlang/phpkafka/src/Broker.php on line 139
[31-Oct-2022 17:14:59 Asia/Shanghai] PHP Warning:  Undefined variable $topicsMeta in /www/jms-membercenter-backend-api/vendor/longlang/phpkafka/src/Broker.php on line 139
[31-Oct-2022 17:14:59 Asia/Shanghai] PHP Warning:  Undefined variable $response in /www/jms-membercenter-backend-api/vendor/longlang/phpkafka/src/Broker.php on line 150
[31-Oct-2022 17:14:59 Asia/Shanghai] PHP Warning:  Undefined variable $response in /www/jms-membercenter-backend-api/vendor/longlang/phpkafka/src/Broker.php on line 150
[31-Oct-2022 17:15:46 Asia/Shanghai] PHP Warning:  Undefined variable $topicsMeta in /www/jms-membercenter-backend-api/vendor/longlang/phpkafka/src/Broker.php on line 139
[31-Oct-2022 17:15:46 Asia/Shanghai] PHP Warning:  Undefined variable $topicsMeta in /www/jms-membercenter-backend-api/vendor/longlang/phpkafka/src/Broker.php on line 139
[31-Oct-2022 17:15:46 Asia/Shanghai] PHP Warning:  Undefined variable $response in /www/jms-membercenter-backend-api/vendor/longlang/phpkafka/src/Broker.php on line 150
[31-Oct-2022 17:15:46 Asia/Shanghai] PHP Warning:  Undefined variable $response in /www/jms-membercenter-backend-api/vendor/longlang/phpkafka/src/Broker.php on line 150
[31-Oct-2022 17:16:34 Asia/Shanghai] PHP Warning:  Undefined variable $topicsMeta in /www/jms-membercenter-backend-api/vendor/longlang/phpkafka/src/Broker.php on line 139
[31-Oct-2022 17:16:34 Asia/Shanghai] PHP Warning:  Undefined variable $topicsMeta in /www/jms-membercenter-backend-api/vendor/longlang/phpkafka/src/Broker.php on line 139
[31-Oct-2022 17:16:34 Asia/Shanghai] PHP Warning:  Undefined variable $response in /www/jms-membercenter-backend-api/vendor/longlang/phpkafka/src/Broker.php on line 150
[31-Oct-2022 17:16:34 Asia/Shanghai] PHP Warning:  Undefined variable $response in /www/jms-membercenter-backend-api/vendor/longlang/phpkafka/src/Broker.php on line 150
[31-Oct-2022 17:17:52 Asia/Shanghai] PHP Warning:  Undefined variable $topicsMeta in /www/jms-membercenter-backend-api/vendor/longlang/phpkafka/src/Broker.php on line 139
[31-Oct-2022 17:17:52 Asia/Shanghai] PHP Warning:  Undefined variable $topicsMeta in /www/jms-membercenter-backend-api/vendor/longlang/phpkafka/src/Broker.php on line 139
[31-Oct-2022 17:18:02 Asia/Shanghai] PHP Warning:  Undefined variable $topicsMeta in /www/jms-membercenter-backend-api/vendor/longlang/phpkafka/src/Broker.php on line 139
[31-Oct-2022 17:18:02 Asia/Shanghai] PHP Warning:  Undefined variable $topicsMeta in /www/jms-membercenter-backend-api/vendor/longlang/phpkafka/src/Broker.php on line 139
[31-Oct-2022 17:18:54 Asia/Shanghai] PHP Warning:  Undefined variable $topicsMeta in /www/jms-membercenter-backend-api/vendor/longlang/phpkafka/src/Broker.php on line 139
[31-Oct-2022 17:18:54 Asia/Shanghai] PHP Warning:  Undefined variable $topicsMeta in /www/jms-membercenter-backend-api/vendor/longlang/phpkafka/src/Broker.php on line 139
[31-Oct-2022 17:19:04 Asia/Shanghai] PHP Warning:  Undefined variable $topicsMeta in /www/jms-membercenter-backend-api/vendor/longlang/phpkafka/src/Broker.php on line 139
[31-Oct-2022 17:19:04 Asia/Shanghai] PHP Warning:  Undefined variable $topicsMeta in /www/jms-membercenter-backend-api/vendor/longlang/phpkafka/src/Broker.php on line 139
[31-Oct-2022 17:41:58 Asia/Shanghai] PHP Warning:  Undefined variable $response in /www/jms-membercenter-backend-api/vendor/longlang/phpkafka/src/Broker.php on line 93
[31-Oct-2022 17:41:58 Asia/Shanghai] PHP Warning:  Undefined variable $response in /www/jms-membercenter-backend-api/vendor/longlang/phpkafka/src/Broker.php on line 93
[31-Oct-2022 17:42:08 Asia/Shanghai] PHP Warning:  Undefined variable $response in /www/jms-membercenter-backend-api/vendor/longlang/phpkafka/src/Broker.php on line 93
[31-Oct-2022 17:42:08 Asia/Shanghai] PHP Warning:  Undefined variable $response in /www/jms-membercenter-backend-api/vendor/longlang/phpkafka/src/Broker.php on line 93
[31-Oct-2022 17:43:53 Asia/Shanghai] PHP Warning:  Undefined variable $response in /www/jms-membercenter-backend-api/vendor/longlang/phpkafka/src/Broker.php on line 121
[31-Oct-2022 17:43:53 Asia/Shanghai] PHP Warning:  Undefined variable $response in /www/jms-membercenter-backend-api/vendor/longlang/phpkafka/src/Broker.php on line 121
[31-Oct-2022 18:00:16 Asia/Shanghai] PHP Warning:  Undefined variable $response in /www/jms-membercenter-backend-api/vendor/longlang/phpkafka/src/Broker.php on line 93
[31-Oct-2022 18:00:16 Asia/Shanghai] PHP Warning:  Undefined variable $response in /www/jms-membercenter-backend-api/vendor/longlang/phpkafka/src/Broker.php on line 93
[31-Oct-2022 18:00:26 Asia/Shanghai] PHP Warning:  Undefined variable $response in /www/jms-membercenter-backend-api/vendor/longlang/phpkafka/src/Broker.php on line 93
[31-Oct-2022 18:00:26 Asia/Shanghai] PHP Warning:  Undefined variable $response in /www/jms-membercenter-backend-api/vendor/longlang/phpkafka/src/Broker.php on line 93
[31-Oct-2022 18:00:36 Asia/Shanghai] PHP Warning:  Undefined variable $response in /www/jms-membercenter-backend-api/vendor/longlang/phpkafka/src/Broker.php on line 93
[31-Oct-2022 18:00:36 Asia/Shanghai] PHP Warning:  Undefined variable $response in /www/jms-membercenter-backend-api/vendor/longlang/phpkafka/src/Broker.php on line 93
[31-Oct-2022 18:00:46 Asia/Shanghai] PHP Warning:  Undefined variable $response in /www/jms-membercenter-backend-api/vendor/longlang/phpkafka/src/Broker.php on line 93
[31-Oct-2022 18:00:46 Asia/Shanghai] PHP Warning:  Undefined variable $response in /www/jms-membercenter-backend-api/vendor/longlang/phpkafka/src/Broker.php on line 93
[07-Nov-2022 10:26:15 Asia/Shanghai] PHP Fatal error:  Uncaught RuntimeException: Recv data timeout in /www/jms-membercenter-backend-api/class_map/Kafka/Client/SwooleClient.php:117
Stack trace:
#0 /www/jms-membercenter-backend-api/vendor/longlang/phpkafka/src/Client/SyncClient.php(187): longlang\phpkafka\Client\SwooleClient->recv(31, NULL)
#1 /www/jms-membercenter-backend-api/vendor/longlang/phpkafka/src/Util/KafkaUtil.php(48): longlang\phpkafka\Client\SyncClient->sendRecv(Object(longlang\phpkafka\Protocol\Heartbeat\HeartbeatRequest))
#2 /www/jms-membercenter-backend-api/vendor/longlang/phpkafka/src/Group/GroupManager.php(123): longlang\phpkafka\Util\KafkaUtil::retry(Object(longlang\phpkafka\Client\SwooleClient), Object(longlang\phpkafka\Protocol\Heartbeat\HeartbeatRequest), 0, 0.01)
#3 /www/jms-membercenter-backend-api/vendor/longlang/phpkafka/src/Consumer/Consumer.php(385): longlang\phpkafka\Group\GroupManager->heartbeat('dev_action_log_...', 'dev_action_log_...', 'Hyperf-63686ca4...', 2984)
#4 /www/jms-membercenter-backend-api/vendor/longlang/phpkafka/src/Consumer/Consumer.php(369): longlang\phpkafka\Consumer\Consumer->heartbeat()
#5 {main}
  thrown in /www/jms-membercenter-backend-api/class_map/Kafka/Client/SwooleClient.php on line 117
[07-Nov-2022 10:26:15 Asia/Shanghai] PHP Fatal error:  Uncaught RuntimeException: Recv data timeout in /www/jms-membercenter-backend-api/class_map/Kafka/Client/SwooleClient.php:117
Stack trace:
#0 /www/jms-membercenter-backend-api/vendor/longlang/phpkafka/src/Client/SyncClient.php(187): longlang\phpkafka\Client\SwooleClient->recv(24, NULL)
#1 /www/jms-membercenter-backend-api/vendor/longlang/phpkafka/src/Util/KafkaUtil.php(48): longlang\phpkafka\Client\SyncClient->sendRecv(Object(longlang\phpkafka\Protocol\Heartbeat\HeartbeatRequest))
#2 /www/jms-membercenter-backend-api/vendor/longlang/phpkafka/src/Group/GroupManager.php(123): longlang\phpkafka\Util\KafkaUtil::retry(Object(longlang\phpkafka\Client\SwooleClient), Object(longlang\phpkafka\Protocol\Heartbeat\HeartbeatRequest), 0, 0.01)
#3 /www/jms-membercenter-backend-api/vendor/longlang/phpkafka/src/Consumer/Consumer.php(385): longlang\phpkafka\Group\GroupManager->heartbeat('dev_action_log_...', 'dev_action_log_...', 'Hyperf-63686cab...', 2984)
#4 /www/jms-membercenter-backend-api/vendor/longlang/phpkafka/src/Consumer/Consumer.php(369): longlang\phpkafka\Consumer\Consumer->heartbeat()
#5 {main}
  thrown in /www/jms-membercenter-backend-api/class_map/Kafka/Client/SwooleClient.php on line 117
[07-Nov-2022 17:31:47 Asia/Shanghai] PHP Fatal error:  Uncaught Doctrine\Common\Annotations\AnnotationException: [Semantical Error] The annotation "@Value" in property App\Domains\Cta\Services\CtaServices::$apiDomain was never imported. Did you maybe forget to add a "use" statement for this annotation? in /www/jms-membercenter-backend-api/vendor/doctrine/annotations/lib/Doctrine/Common/Annotations/AnnotationException.php:40
Stack trace:
#0 /www/jms-membercenter-backend-api/vendor/doctrine/annotations/lib/Doctrine/Common/Annotations/DocParser.php(804): Doctrine\Common\Annotations\AnnotationException::semanticalError('The annotation ...')
#1 /www/jms-membercenter-backend-api/vendor/doctrine/annotations/lib/Doctrine/Common/Annotations/DocParser.php(720): Doctrine\Common\Annotations\DocParser->Annotation()
#2 /www/jms-membercenter-backend-api/vendor/doctrine/annotations/lib/Doctrine/Common/Annotations/DocParser.php(377): Doctrine\Common\Annotations\DocParser->Annotations()
#3 /www/jms-membercenter-backend-api/vendor/hyperf/di/src/Annotation/AnnotationReader.php(288): Doctrine\Common\Annotations\DocParser->parse('/**\r\n     * @Va...', 'property App\\Do...')
#4 /www/jms-membercenter-backend-api/vendor/hyperf/di/src/Annotation/Scanner.php(87): Hyperf\Di\Annotation\AnnotationReader->getPropertyAnnotations(Object(ReflectionProperty))
#5 /www/jms-membercenter-backend-api/vendor/hyperf/di/src/Annotation/Scanner.php(149): Hyperf\Di\Annotation\Scanner->collect(Object(Hyperf\Di\Annotation\AnnotationReader), Object(ReflectionClass))
#6 /www/jms-membercenter-backend-api/vendor/hyperf/di/src/ClassLoader.php(54): Hyperf\Di\Annotation\Scanner->scan(Array, '/www/jms-member...')
#7 /www/jms-membercenter-backend-api/vendor/hyperf/di/src/ClassLoader.php(93): Hyperf\Di\ClassLoader->__construct(Object(Composer\Autoload\ClassLoader), '/www/jms-member...', '/www/jms-member...', Object(Hyperf\Di\ScanHandler\PcntlScanHandler))
#8 /www/jms-membercenter-backend-api/bin/hyperf.php(17): Hyperf\Di\ClassLoader::init()
#9 /www/jms-membercenter-backend-api/bin/hyperf.php(26): {closure}()
#10 {main}
  thrown in /www/jms-membercenter-backend-api/vendor/doctrine/annotations/lib/Doctrine/Common/Annotations/AnnotationException.php on line 40
[08-Nov-2022 17:14:29 Asia/Shanghai] PHP Fatal error:  Uncaught Error: Class "Redis" not found in /www/jms-membercenter-backend-api/config/autoload/redis.php:27
Stack trace:
#0 /www/jms-membercenter-backend-api/vendor/hyperf/config/src/ConfigFactory.php(44): require()
#1 /www/jms-membercenter-backend-api/vendor/hyperf/config/src/ConfigFactory.php(23): Hyperf\Config\ConfigFactory->readPaths(Array)
#2 /www/jms-membercenter-backend-api/vendor/hyperf/di/src/Resolver/FactoryResolver.php(56): Hyperf\Config\ConfigFactory->__invoke(Object(Hyperf\Di\Container))
#3 /www/jms-membercenter-backend-api/vendor/hyperf/di/src/Resolver/ResolverDispatcher.php(62): Hyperf\Di\Resolver\FactoryResolver->resolve(Object(Hyperf\Di\Definition\FactoryDefinition), Array)
#4 /www/jms-membercenter-backend-api/vendor/hyperf/di/src/Resolver/DepthGuard.php(73): Hyperf\Di\Resolver\ResolverDispatcher->Hyperf\Di\Resolver\{closure}()
#5 /www/jms-membercenter-backend-api/vendor/hyperf/di/src/Resolver/ResolverDispatcher.php(63): Hyperf\Di\Resolver\DepthGuard->call('Hyperf\\Contract...', Object(Closure))
#6 /www/jms-membercenter-backend-api/vendor/hyperf/di/src/Container.php(194): Hyperf\Di\Resolver\ResolverDispatcher->resolve(Object(Hyperf\Di\Definition\FactoryDefinition), Array)
#7 /www/jms-membercenter-backend-api/vendor/hyperf/di/src/Container.php(82): Hyperf\Di\Container->resolveDefinition(Object(Hyperf\Di\Definition\FactoryDefinition), Array)
#8 /www/jms-membercenter-backend-api/vendor/hyperf/di/src/Container.php(127): Hyperf\Di\Container->make('Hyperf\\Contract...')
#9 /www/jms-membercenter-backend-api/vendor/hyperf/event/src/ListenerProviderFactory.php(37): Hyperf\Di\Container->get('Hyperf\\Contract...')
#10 /www/jms-membercenter-backend-api/vendor/hyperf/event/src/ListenerProviderFactory.php(27): Hyperf\Event\ListenerProviderFactory->registerConfig(Object(Hyperf\Event\ListenerProvider), Object(Hyperf\Di\Container))
#11 /www/jms-membercenter-backend-api/vendor/hyperf/di/src/Resolver/FactoryResolver.php(56): Hyperf\Event\ListenerProviderFactory->__invoke(Object(Hyperf\Di\Container))
#12 /www/jms-membercenter-backend-api/vendor/hyperf/di/src/Resolver/ResolverDispatcher.php(62): Hyperf\Di\Resolver\FactoryResolver->resolve(Object(Hyperf\Di\Definition\FactoryDefinition), Array)
#13 /www/jms-membercenter-backend-api/vendor/hyperf/di/src/Resolver/DepthGuard.php(73): Hyperf\Di\Resolver\ResolverDispatcher->Hyperf\Di\Resolver\{closure}()
#14 /www/jms-membercenter-backend-api/vendor/hyperf/di/src/Resolver/ResolverDispatcher.php(63): Hyperf\Di\Resolver\DepthGuard->call('Psr\\EventDispat...', Object(Closure))
#15 /www/jms-membercenter-backend-api/vendor/hyperf/di/src/Container.php(194): Hyperf\Di\Resolver\ResolverDispatcher->resolve(Object(Hyperf\Di\Definition\FactoryDefinition), Array)
#16 /www/jms-membercenter-backend-api/vendor/hyperf/di/src/Container.php(82): Hyperf\Di\Container->resolveDefinition(Object(Hyperf\Di\Definition\FactoryDefinition), Array)
#17 /www/jms-membercenter-backend-api/vendor/hyperf/di/src/Container.php(127): Hyperf\Di\Container->make('Psr\\EventDispat...')
#18 /www/jms-membercenter-backend-api/vendor/hyperf/event/src/EventDispatcherFactory.php(22): Hyperf\Di\Container->get('Psr\\EventDispat...')
#19 /www/jms-membercenter-backend-api/vendor/hyperf/di/src/Resolver/FactoryResolver.php(56): Hyperf\Event\EventDispatcherFactory->__invoke(Object(Hyperf\Di\Container))
#20 /www/jms-membercenter-backend-api/vendor/hyperf/di/src/Resolver/ResolverDispatcher.php(62): Hyperf\Di\Resolver\FactoryResolver->resolve(Object(Hyperf\Di\Definition\FactoryDefinition), Array)
#21 /www/jms-membercenter-backend-api/vendor/hyperf/di/src/Resolver/DepthGuard.php(73): Hyperf\Di\Resolver\ResolverDispatcher->Hyperf\Di\Resolver\{closure}()
#22 /www/jms-membercenter-backend-api/vendor/hyperf/di/src/Resolver/ResolverDispatcher.php(63): Hyperf\Di\Resolver\DepthGuard->call('Psr\\EventDispat...', Object(Closure))
#23 /www/jms-membercenter-backend-api/vendor/hyperf/di/src/Container.php(194): Hyperf\Di\Resolver\ResolverDispatcher->resolve(Object(Hyperf\Di\Definition\FactoryDefinition), Array)
#24 /www/jms-membercenter-backend-api/vendor/hyperf/di/src/Container.php(82): Hyperf\Di\Container->resolveDefinition(Object(Hyperf\Di\Definition\FactoryDefinition), Array)
#25 /www/jms-membercenter-backend-api/vendor/hyperf/di/src/Container.php(127): Hyperf\Di\Container->make('Psr\\EventDispat...')
#26 /www/jms-membercenter-backend-api/vendor/hyperf/framework/src/ApplicationFactory.php(27): Hyperf\Di\Container->get('Psr\\EventDispat...')
#27 /www/jms-membercenter-backend-api/vendor/hyperf/di/src/Resolver/FactoryResolver.php(56): Hyperf\Framework\ApplicationFactory->__invoke(Object(Hyperf\Di\Container))
#28 /www/jms-membercenter-backend-api/vendor/hyperf/di/src/Resolver/ResolverDispatcher.php(62): Hyperf\Di\Resolver\FactoryResolver->resolve(Object(Hyperf\Di\Definition\FactoryDefinition), Array)
#29 /www/jms-membercenter-backend-api/vendor/hyperf/di/src/Resolver/DepthGuard.php(73): Hyperf\Di\Resolver\ResolverDispatcher->Hyperf\Di\Resolver\{closure}()
#30 /www/jms-membercenter-backend-api/vendor/hyperf/di/src/Resolver/ResolverDispatcher.php(63): Hyperf\Di\Resolver\DepthGuard->call('Hyperf\\Contract...', Object(Closure))
#31 /www/jms-membercenter-backend-api/vendor/hyperf/di/src/Container.php(194): Hyperf\Di\Resolver\ResolverDispatcher->resolve(Object(Hyperf\Di\Definition\FactoryDefinition), Array)
#32 /www/jms-membercenter-backend-api/vendor/hyperf/di/src/Container.php(82): Hyperf\Di\Container->resolveDefinition(Object(Hyperf\Di\Definition\FactoryDefinition), Array)
#33 /www/jms-membercenter-backend-api/vendor/hyperf/di/src/Container.php(127): Hyperf\Di\Container->make('Hyperf\\Contract...')
#34 /www/jms-membercenter-backend-api/bin/hyperf.php(25): Hyperf\Di\Container->get('Hyperf\\Contract...')
#35 /www/jms-membercenter-backend-api/bin/hyperf.php(29): {closure}()
#36 {main}
  thrown in /www/jms-membercenter-backend-api/config/autoload/redis.php on line 27
[08-Nov-2022 17:17:25 Asia/Shanghai] PHP Fatal error:  Uncaught Error: Class "Redis" not found in /www/jms-membercenter-backend-api/config/autoload/redis.php:27
Stack trace:
#0 /www/jms-membercenter-backend-api/vendor/hyperf/config/src/ConfigFactory.php(44): require()
#1 /www/jms-membercenter-backend-api/vendor/hyperf/config/src/ConfigFactory.php(23): Hyperf\Config\ConfigFactory->readPaths(Array)
#2 /www/jms-membercenter-backend-api/vendor/hyperf/di/src/Resolver/FactoryResolver.php(56): Hyperf\Config\ConfigFactory->__invoke(Object(Hyperf\Di\Container))
#3 /www/jms-membercenter-backend-api/vendor/hyperf/di/src/Resolver/ResolverDispatcher.php(62): Hyperf\Di\Resolver\FactoryResolver->resolve(Object(Hyperf\Di\Definition\FactoryDefinition), Array)
#4 /www/jms-membercenter-backend-api/vendor/hyperf/di/src/Resolver/DepthGuard.php(73): Hyperf\Di\Resolver\ResolverDispatcher->Hyperf\Di\Resolver\{closure}()
#5 /www/jms-membercenter-backend-api/vendor/hyperf/di/src/Resolver/ResolverDispatcher.php(63): Hyperf\Di\Resolver\DepthGuard->call('Hyperf\\Contract...', Object(Closure))
#6 /www/jms-membercenter-backend-api/vendor/hyperf/di/src/Container.php(194): Hyperf\Di\Resolver\ResolverDispatcher->resolve(Object(Hyperf\Di\Definition\FactoryDefinition), Array)
#7 /www/jms-membercenter-backend-api/vendor/hyperf/di/src/Container.php(82): Hyperf\Di\Container->resolveDefinition(Object(Hyperf\Di\Definition\FactoryDefinition), Array)
#8 /www/jms-membercenter-backend-api/vendor/hyperf/di/src/Container.php(127): Hyperf\Di\Container->make('Hyperf\\Contract...')
#9 /www/jms-membercenter-backend-api/vendor/hyperf/event/src/ListenerProviderFactory.php(37): Hyperf\Di\Container->get('Hyperf\\Contract...')
#10 /www/jms-membercenter-backend-api/vendor/hyperf/event/src/ListenerProviderFactory.php(27): Hyperf\Event\ListenerProviderFactory->registerConfig(Object(Hyperf\Event\ListenerProvider), Object(Hyperf\Di\Container))
#11 /www/jms-membercenter-backend-api/vendor/hyperf/di/src/Resolver/FactoryResolver.php(56): Hyperf\Event\ListenerProviderFactory->__invoke(Object(Hyperf\Di\Container))
#12 /www/jms-membercenter-backend-api/vendor/hyperf/di/src/Resolver/ResolverDispatcher.php(62): Hyperf\Di\Resolver\FactoryResolver->resolve(Object(Hyperf\Di\Definition\FactoryDefinition), Array)
#13 /www/jms-membercenter-backend-api/vendor/hyperf/di/src/Resolver/DepthGuard.php(73): Hyperf\Di\Resolver\ResolverDispatcher->Hyperf\Di\Resolver\{closure}()
#14 /www/jms-membercenter-backend-api/vendor/hyperf/di/src/Resolver/ResolverDispatcher.php(63): Hyperf\Di\Resolver\DepthGuard->call('Psr\\EventDispat...', Object(Closure))
#15 /www/jms-membercenter-backend-api/vendor/hyperf/di/src/Container.php(194): Hyperf\Di\Resolver\ResolverDispatcher->resolve(Object(Hyperf\Di\Definition\FactoryDefinition), Array)
#16 /www/jms-membercenter-backend-api/vendor/hyperf/di/src/Container.php(82): Hyperf\Di\Container->resolveDefinition(Object(Hyperf\Di\Definition\FactoryDefinition), Array)
#17 /www/jms-membercenter-backend-api/vendor/hyperf/di/src/Container.php(127): Hyperf\Di\Container->make('Psr\\EventDispat...')
#18 /www/jms-membercenter-backend-api/vendor/hyperf/event/src/EventDispatcherFactory.php(22): Hyperf\Di\Container->get('Psr\\EventDispat...')
#19 /www/jms-membercenter-backend-api/vendor/hyperf/di/src/Resolver/FactoryResolver.php(56): Hyperf\Event\EventDispatcherFactory->__invoke(Object(Hyperf\Di\Container))
#20 /www/jms-membercenter-backend-api/vendor/hyperf/di/src/Resolver/ResolverDispatcher.php(62): Hyperf\Di\Resolver\FactoryResolver->resolve(Object(Hyperf\Di\Definition\FactoryDefinition), Array)
#21 /www/jms-membercenter-backend-api/vendor/hyperf/di/src/Resolver/DepthGuard.php(73): Hyperf\Di\Resolver\ResolverDispatcher->Hyperf\Di\Resolver\{closure}()
#22 /www/jms-membercenter-backend-api/vendor/hyperf/di/src/Resolver/ResolverDispatcher.php(63): Hyperf\Di\Resolver\DepthGuard->call('Psr\\EventDispat...', Object(Closure))
#23 /www/jms-membercenter-backend-api/vendor/hyperf/di/src/Container.php(194): Hyperf\Di\Resolver\ResolverDispatcher->resolve(Object(Hyperf\Di\Definition\FactoryDefinition), Array)
#24 /www/jms-membercenter-backend-api/vendor/hyperf/di/src/Container.php(82): Hyperf\Di\Container->resolveDefinition(Object(Hyperf\Di\Definition\FactoryDefinition), Array)
#25 /www/jms-membercenter-backend-api/vendor/hyperf/di/src/Container.php(127): Hyperf\Di\Container->make('Psr\\EventDispat...')
#26 /www/jms-membercenter-backend-api/vendor/hyperf/framework/src/ApplicationFactory.php(27): Hyperf\Di\Container->get('Psr\\EventDispat...')
#27 /www/jms-membercenter-backend-api/vendor/hyperf/di/src/Resolver/FactoryResolver.php(56): Hyperf\Framework\ApplicationFactory->__invoke(Object(Hyperf\Di\Container))
#28 /www/jms-membercenter-backend-api/vendor/hyperf/di/src/Resolver/ResolverDispatcher.php(62): Hyperf\Di\Resolver\FactoryResolver->resolve(Object(Hyperf\Di\Definition\FactoryDefinition), Array)
#29 /www/jms-membercenter-backend-api/vendor/hyperf/di/src/Resolver/DepthGuard.php(73): Hyperf\Di\Resolver\ResolverDispatcher->Hyperf\Di\Resolver\{closure}()
#30 /www/jms-membercenter-backend-api/vendor/hyperf/di/src/Resolver/ResolverDispatcher.php(63): Hyperf\Di\Resolver\DepthGuard->call('Hyperf\\Contract...', Object(Closure))
#31 /www/jms-membercenter-backend-api/vendor/hyperf/di/src/Container.php(194): Hyperf\Di\Resolver\ResolverDispatcher->resolve(Object(Hyperf\Di\Definition\FactoryDefinition), Array)
#32 /www/jms-membercenter-backend-api/vendor/hyperf/di/src/Container.php(82): Hyperf\Di\Container->resolveDefinition(Object(Hyperf\Di\Definition\FactoryDefinition), Array)
#33 /www/jms-membercenter-backend-api/vendor/hyperf/di/src/Container.php(127): Hyperf\Di\Container->make('Hyperf\\Contract...')
#34 /www/jms-membercenter-backend-api/bin/hyperf.php(25): Hyperf\Di\Container->get('Hyperf\\Contract...')
#35 /www/jms-membercenter-backend-api/bin/hyperf.php(29): {closure}()
#36 {main}
  thrown in /www/jms-membercenter-backend-api/config/autoload/redis.php on line 27
[08-Nov-2022 18:33:54 Asia/Shanghai] PHP Fatal error:  Uncaught longlang\phpkafka\Exception\KafkaErrorException: [25] The coordinator is not aware of this member. in /www/jms-membercenter-backend-api/vendor/longlang/phpkafka/src/Protocol/ErrorCode.php:385
Stack trace:
#0 /www/jms-membercenter-backend-api/vendor/longlang/phpkafka/src/Util/KafkaUtil.php(69): longlang\phpkafka\Protocol\ErrorCode::check(25)
#1 /www/jms-membercenter-backend-api/vendor/longlang/phpkafka/src/Group/GroupManager.php(123): longlang\phpkafka\Util\KafkaUtil::retry(Object(longlang\phpkafka\Client\SwooleClient), Object(longlang\phpkafka\Protocol\Heartbeat\HeartbeatRequest), 0, 0.01)
#2 /www/jms-membercenter-backend-api/vendor/longlang/phpkafka/src/Consumer/Consumer.php(384): longlang\phpkafka\Group\GroupManager->heartbeat('dev_action_log_...', 'dev_action_log_...', 'Hyperf-636a301e...', 3092)
#3 /www/jms-membercenter-backend-api/vendor/longlang/phpkafka/src/Consumer/Consumer.php(368): longlang\phpkafka\Consumer\Consumer->heartbeat()
#4 {main}
  thrown in /www/jms-membercenter-backend-api/vendor/longlang/phpkafka/src/Protocol/ErrorCode.php on line 385
[08-Nov-2022 18:33:54 Asia/Shanghai] PHP Fatal error:  Uncaught longlang\phpkafka\Exception\KafkaErrorException: [25] The coordinator is not aware of this member. in /www/jms-membercenter-backend-api/vendor/longlang/phpkafka/src/Protocol/ErrorCode.php:385
Stack trace:
#0 /www/jms-membercenter-backend-api/vendor/longlang/phpkafka/src/Util/KafkaUtil.php(69): longlang\phpkafka\Protocol\ErrorCode::check(25)
#1 /www/jms-membercenter-backend-api/vendor/longlang/phpkafka/src/Group/GroupManager.php(123): longlang\phpkafka\Util\KafkaUtil::retry(Object(longlang\phpkafka\Client\SwooleClient), Object(longlang\phpkafka\Protocol\Heartbeat\HeartbeatRequest), 0, 0.01)
#2 /www/jms-membercenter-backend-api/vendor/longlang/phpkafka/src/Consumer/Consumer.php(384): longlang\phpkafka\Group\GroupManager->heartbeat('dev_action_log_...', 'dev_action_log_...', 'Hyperf-636a301e...', 3092)
#3 /www/jms-membercenter-backend-api/vendor/longlang/phpkafka/src/Consumer/Consumer.php(368): longlang\phpkafka\Consumer\Consumer->heartbeat()
#4 {main}
  thrown in /www/jms-membercenter-backend-api/vendor/longlang/phpkafka/src/Protocol/ErrorCode.php on line 385
[08-Nov-2022 18:34:11 Asia/Shanghai] PHP Fatal error:  Uncaught longlang\phpkafka\Exception\KafkaErrorException: [25] The coordinator is not aware of this member. in /www/jms-membercenter-backend-api/vendor/longlang/phpkafka/src/Protocol/ErrorCode.php:385
Stack trace:
#0 /www/jms-membercenter-backend-api/vendor/longlang/phpkafka/src/Util/KafkaUtil.php(69): longlang\phpkafka\Protocol\ErrorCode::check(25)
#1 /www/jms-membercenter-backend-api/vendor/longlang/phpkafka/src/Group/GroupManager.php(123): longlang\phpkafka\Util\KafkaUtil::retry(Object(longlang\phpkafka\Client\SwooleClient), Object(longlang\phpkafka\Protocol\Heartbeat\HeartbeatRequest), 0, 0.01)
#2 /www/jms-membercenter-backend-api/vendor/longlang/phpkafka/src/Consumer/Consumer.php(384): longlang\phpkafka\Group\GroupManager->heartbeat('dev_action_log_...', 'dev_action_log_...', 'Hyperf-636a3092...', 3094)
#3 /www/jms-membercenter-backend-api/vendor/longlang/phpkafka/src/Consumer/Consumer.php(368): longlang\phpkafka\Consumer\Consumer->heartbeat()
#4 {main}
  thrown in /www/jms-membercenter-backend-api/vendor/longlang/phpkafka/src/Protocol/ErrorCode.php on line 385
[08-Nov-2022 18:34:11 Asia/Shanghai] PHP Fatal error:  Uncaught longlang\phpkafka\Exception\KafkaErrorException: [25] The coordinator is not aware of this member. in /www/jms-membercenter-backend-api/vendor/longlang/phpkafka/src/Protocol/ErrorCode.php:385
Stack trace:
#0 /www/jms-membercenter-backend-api/vendor/longlang/phpkafka/src/Util/KafkaUtil.php(69): longlang\phpkafka\Protocol\ErrorCode::check(25)
#1 /www/jms-membercenter-backend-api/vendor/longlang/phpkafka/src/Group/GroupManager.php(123): longlang\phpkafka\Util\KafkaUtil::retry(Object(longlang\phpkafka\Client\SwooleClient), Object(longlang\phpkafka\Protocol\Heartbeat\HeartbeatRequest), 0, 0.01)
#2 /www/jms-membercenter-backend-api/vendor/longlang/phpkafka/src/Consumer/Consumer.php(384): longlang\phpkafka\Group\GroupManager->heartbeat('dev_action_log_...', 'dev_action_log_...', 'Hyperf-636a3092...', 3094)
#3 /www/jms-membercenter-backend-api/vendor/longlang/phpkafka/src/Consumer/Consumer.php(368): longlang\phpkafka\Consumer\Consumer->heartbeat()
#4 {main}
  thrown in /www/jms-membercenter-backend-api/vendor/longlang/phpkafka/src/Protocol/ErrorCode.php on line 385
